<?xml version="1.0" encoding="UTF-8"?>
<!-- Generated by org.testng.reporters.JUnitReportReporter -->
<testsuite hostname="Gayathri" failures="0" tests="4" name="api.tests.UserTests" time="6.503" errors="0" timestamp="2024-05-19T12:48:51 IST" skipped="0">
  <testcase classname="api.tests.UserTests" name="testPostUser" time="1.275"/>
  <testcase classname="api.tests.UserTests" name="testGetUserByName" time="1.302"/>
  <testcase classname="api.tests.UserTests" name="testUpdateUserByName" time="2.637"/>
  <testcase classname="api.tests.UserTests" name="testDeleteUserByName" time="1.289"/>
</testsuite> <!-- api.tests.UserTests -->
