<?xml version="1.0" encoding="UTF-8"?>
<!-- Generated by org.testng.reporters.JUnitReportReporter -->
<testsuite hostname="Gayathri" failures="0" tests="4" name="api.tests.UserTestsProperties" time="20.724" errors="0" timestamp="2024-05-20T16:48:55 IST" skipped="0">
  <testcase classname="api.tests.UserTestsProperties" name="testPostUser" time="14.400"/>
  <testcase classname="api.tests.UserTestsProperties" name="testGetUserByName" time="1.645"/>
  <testcase classname="api.tests.UserTestsProperties" name="testUpdateUserByName" time="3.060"/>
  <testcase classname="api.tests.UserTestsProperties" name="testDeleteUserByName" time="1.619"/>
</testsuite> <!-- api.tests.UserTestsProperties -->
