<?xml version="1.0" encoding="UTF-8"?>
<!-- Generated by org.testng.reporters.JUnitReportReporter -->
<testsuite hostname="Gayathri" failures="0" tests="4" name="api.tests.UserTests" time="8.092" errors="0" timestamp="2024-05-20T17:04:07 IST" skipped="0">
  <testcase classname="api.tests.UserTests" name="testPostUser" time="1.549"/>
  <testcase classname="api.tests.UserTests" name="testGetUserByName" time="1.539"/>
  <testcase classname="api.tests.UserTests" name="testUpdateUserByName" time="3.224"/>
  <testcase classname="api.tests.UserTests" name="testDeleteUserByName" time="1.780"/>
</testsuite> <!-- api.tests.UserTests -->
